<?xml version="1.0" encoding="UTF-8"?>
<testng-results ignored="0" total="0" passed="0" failed="0" skipped="0">
  <reporter-output>
  </reporter-output>
  <suite started-at="2022-12-14T12:38:39 IST" name="Default suite" finished-at="2022-12-14T12:38:39 IST" duration-ms="16">
    <groups>
    </groups>
    <test started-at="2022-12-14T12:38:39 IST" name="Default test" finished-at="2022-12-14T12:38:39 IST" duration-ms="16">
      <class name="testNG.testNGPractice">
        <test-method is-config="true" signature="enterUrl()[pri:0, instance:testNG.testNGPractice@10959ece]" started-at="2022-12-14T12:38:39 IST" name="enterUrl" finished-at="2022-12-14T12:38:39 IST" duration-ms="6" status="PASS">
          <reporter-output>
          </reporter-output>
        </test-method> <!-- enterUrl -->
      </class> <!-- testNG.testNGPractice -->
    </test> <!-- Default test -->
  </suite> <!-- Default suite -->
</testng-results>
