<?xml version="1.0" encoding="UTF-8"?>
<testng-results ignored="0" total="9" passed="9" failed="0" skipped="0">
  <reporter-output>
  </reporter-output>
  <suite started-at="2023-06-27T18:55:17 IST" name="Default suite" finished-at="2023-06-27T18:55:55 IST" duration-ms="38265">
    <groups>
      <group name="cucumber">
        <method signature="AbstractTestNGCucumberTests.runScenario(io.cucumber.testng.PickleWrapper,io.cucumber.testng.FeatureWrapper)[pri:0, instance:testRunner.demoLoginTest@58aa10f4]" name="runScenario" class="io.cucumber.testng.AbstractTestNGCucumberTests"/>
      </group> <!-- cucumber -->
    </groups>
    <test started-at="2023-06-27T18:55:17 IST" name="Default test" finished-at="2023-06-27T18:55:55 IST" duration-ms="38265">
      <class name="testRunner.demoLoginTest">
        <test-method is-config="true" signature="setUpClass()[pri:0, instance:testRunner.demoLoginTest@58aa10f4]" started-at="2023-06-27T18:55:17 IST" name="setUpClass" finished-at="2023-06-27T18:55:18 IST" duration-ms="1409" status="PASS">
          <reporter-output>
          </reporter-output>
        </test-method> <!-- setUpClass -->
        <test-method signature="runScenario(io.cucumber.testng.PickleWrapper,io.cucumber.testng.FeatureWrapper)[pri:0, instance:testRunner.demoLoginTest@58aa10f4]" started-at="2023-06-27T18:55:18 IST" name="runScenario" description="Runs Cucumber Scenarios" data-provider="scenarios" finished-at="2023-06-27T18:55:28 IST" duration-ms="9519" status="PASS">
          <params>
            <param index="0">
              <value>
                <![CDATA["login into home page"]]>
              </value>
            </param>
            <param index="1">
              <value>
                <![CDATA["Optional[demo login]"]]>
              </value>
            </param>
          </params>
          <reporter-output>
          </reporter-output>
        </test-method> <!-- runScenario -->
        <test-method signature="runScenario(io.cucumber.testng.PickleWrapper,io.cucumber.testng.FeatureWrapper)[pri:0, instance:testRunner.demoLoginTest@58aa10f4]" started-at="2023-06-27T18:55:28 IST" name="runScenario" description="Runs Cucumber Scenarios" data-provider="scenarios" finished-at="2023-06-27T18:55:33 IST" duration-ms="5328" status="PASS">
          <params>
            <param index="0">
              <value>
                <![CDATA["cliam search"]]>
              </value>
            </param>
            <param index="1">
              <value>
                <![CDATA["Optional[demo login]"]]>
              </value>
            </param>
          </params>
          <reporter-output>
          </reporter-output>
        </test-method> <!-- runScenario -->
        <test-method signature="runScenario(io.cucumber.testng.PickleWrapper,io.cucumber.testng.FeatureWrapper)[pri:0, instance:testRunner.demoLoginTest@58aa10f4]" started-at="2023-06-27T18:55:33 IST" name="runScenario" description="Runs Cucumber Scenarios" data-provider="scenarios" finished-at="2023-06-27T18:55:34 IST" duration-ms="567" status="PASS">
          <params>
            <param index="0">
              <value>
                <![CDATA["user is on new claim"]]>
              </value>
            </param>
            <param index="1">
              <value>
                <![CDATA["Optional[demo login]"]]>
              </value>
            </param>
          </params>
          <reporter-output>
          </reporter-output>
        </test-method> <!-- runScenario -->
        <test-method signature="runScenario(io.cucumber.testng.PickleWrapper,io.cucumber.testng.FeatureWrapper)[pri:0, instance:testRunner.demoLoginTest@58aa10f4]" started-at="2023-06-27T18:55:34 IST" name="runScenario" description="Runs Cucumber Scenarios" data-provider="scenarios" finished-at="2023-06-27T18:55:34 IST" duration-ms="643" status="PASS">
          <params>
            <param index="0">
              <value>
                <![CDATA["Verificy of Select Involved Policy Vehicles"]]>
              </value>
            </param>
            <param index="1">
              <value>
                <![CDATA["Optional[demo login]"]]>
              </value>
            </param>
          </params>
          <reporter-output>
          </reporter-output>
        </test-method> <!-- runScenario -->
        <test-method signature="runScenario(io.cucumber.testng.PickleWrapper,io.cucumber.testng.FeatureWrapper)[pri:0, instance:testRunner.demoLoginTest@58aa10f4]" started-at="2023-06-27T18:55:34 IST" name="runScenario" description="Runs Cucumber Scenarios" data-provider="scenarios" finished-at="2023-06-27T18:55:38 IST" duration-ms="3179" status="PASS">
          <params>
            <param index="0">
              <value>
                <![CDATA["Verfiy the basic information"]]>
              </value>
            </param>
            <param index="1">
              <value>
                <![CDATA["Optional[demo login]"]]>
              </value>
            </param>
          </params>
          <reporter-output>
          </reporter-output>
        </test-method> <!-- runScenario -->
        <test-method signature="runScenario(io.cucumber.testng.PickleWrapper,io.cucumber.testng.FeatureWrapper)[pri:0, instance:testRunner.demoLoginTest@58aa10f4]" started-at="2023-06-27T18:55:38 IST" name="runScenario" description="Runs Cucumber Scenarios" data-provider="scenarios" finished-at="2023-06-27T18:55:39 IST" duration-ms="1688" status="PASS">
          <params>
            <param index="0">
              <value>
                <![CDATA["add Cliams"]]>
              </value>
            </param>
            <param index="1">
              <value>
                <![CDATA["Optional[demo login]"]]>
              </value>
            </param>
          </params>
          <reporter-output>
          </reporter-output>
        </test-method> <!-- runScenario -->
        <test-method signature="runScenario(io.cucumber.testng.PickleWrapper,io.cucumber.testng.FeatureWrapper)[pri:0, instance:testRunner.demoLoginTest@58aa10f4]" started-at="2023-06-27T18:55:39 IST" name="runScenario" description="Runs Cucumber Scenarios" data-provider="scenarios" finished-at="2023-06-27T18:55:46 IST" duration-ms="7005" status="PASS">
          <params>
            <param index="0">
              <value>
                <![CDATA["Search for existing claims using claim number"]]>
              </value>
            </param>
            <param index="1">
              <value>
                <![CDATA["Optional[demo login]"]]>
              </value>
            </param>
          </params>
          <reporter-output>
          </reporter-output>
        </test-method> <!-- runScenario -->
        <test-method signature="runScenario(io.cucumber.testng.PickleWrapper,io.cucumber.testng.FeatureWrapper)[pri:0, instance:testRunner.demoLoginTest@58aa10f4]" started-at="2023-06-27T18:55:46 IST" name="runScenario" description="Runs Cucumber Scenarios" data-provider="scenarios" finished-at="2023-06-27T18:55:50 IST" duration-ms="3892" status="PASS">
          <params>
            <param index="0">
              <value>
                <![CDATA["Search Activities"]]>
              </value>
            </param>
            <param index="1">
              <value>
                <![CDATA["Optional[demo login]"]]>
              </value>
            </param>
          </params>
          <reporter-output>
          </reporter-output>
        </test-method> <!-- runScenario -->
        <test-method signature="runScenario(io.cucumber.testng.PickleWrapper,io.cucumber.testng.FeatureWrapper)[pri:0, instance:testRunner.demoLoginTest@58aa10f4]" started-at="2023-06-27T18:55:50 IST" name="runScenario" description="Runs Cucumber Scenarios" data-provider="scenarios" finished-at="2023-06-27T18:55:55 IST" duration-ms="4299" status="PASS">
          <params>
            <param index="0">
              <value>
                <![CDATA["Search Recoveries"]]>
              </value>
            </param>
            <param index="1">
              <value>
                <![CDATA["Optional[demo login]"]]>
              </value>
            </param>
          </params>
          <reporter-output>
          </reporter-output>
        </test-method> <!-- runScenario -->
        <test-method is-config="true" signature="tearDownClass()[pri:0, instance:testRunner.demoLoginTest@58aa10f4]" started-at="2023-06-27T18:55:55 IST" name="tearDownClass" finished-at="2023-06-27T18:55:55 IST" duration-ms="629" status="PASS">
          <reporter-output>
          </reporter-output>
        </test-method> <!-- tearDownClass -->
      </class> <!-- testRunner.demoLoginTest -->
    </test> <!-- Default test -->
  </suite> <!-- Default suite -->
</testng-results>
