<?xml version="1.0" encoding="UTF-8"?>
<testng-results ignored="0" total="1" passed="1" failed="0" skipped="0">
  <reporter-output>
  </reporter-output>
  <suite started-at="2023-06-20T12:17:22 IST" name="Default suite" finished-at="2023-06-20T12:17:31 IST" duration-ms="9460">
    <groups>
    </groups>
    <test started-at="2023-06-20T12:17:22 IST" name="Default test" finished-at="2023-06-20T12:17:31 IST" duration-ms="9460">
      <class name="TestNg1.AppTest">
        <test-method signature="tricentisTest()[pri:0, instance:TestNg1.AppTest@614ca7df]" started-at="2023-06-20T12:17:22 IST" name="tricentisTest" finished-at="2023-06-20T12:17:31 IST" duration-ms="9423" status="PASS">
          <reporter-output>
          </reporter-output>
        </test-method> <!-- tricentisTest -->
      </class> <!-- TestNg1.AppTest -->
    </test> <!-- Default test -->
  </suite> <!-- Default suite -->
</testng-results>
